 13251659320  Z8RKB1aCuw
 18482297378  z6LLyr94Bl
 15543402113  TFzE39VRym
 15543404298  VPctrDApQ9
 15543499610  oUzZ4cA0wW
 15584341285  K0DxPY6MUj
 15584346138  1P5tqw3Fo4
 15590666124  1N1PfFHr2E
 15504458674  OshxGHVg26
 15501164861  aAfsTuhXfn
 15601197519  rBWjtXW4pA
 15601200026  B3vUdAr4UD
 13059797454  gfYcQ8Dyg6
 13157048239  d7890rvGmD
 15590509442  9GJccRyf5z
 15590574946  sxNv95GanJ
 13451499207  ZeelAFsGxz
 15543008324  K5ARVawpOQ
 15543197545  Uzoz0O8DI8
 15543554942  D6OE8iRrnX
 15543779146  cBZF4FYtUA
 15567763684  mu34EyCj0g
 15568700244  Nqfh6NR38n
 17077087946  P8KNAHgdRO
 17077534629  kZye8FjF95
 17085383517  Z670xu3hVo
 17121568934  GfRVagJ7A9
 17166564202  tLhUfcVgB6
 17166568480  lsPxNcCQHf
 13463416243  2JnNEH4t0T
 13467888455  aFuW8PG013
 15073894022  LTHLi26gW1
 15080847934  CWjXeZGrB3
 18774444338  lpsLpMMSsl
 17058718260  ulTBq3w5UB
 17093822378  Bv3zCklQMe
 17132027057  eXflICt7dE
 17181092014  pL1NHZ8Zax
 13157043317  mC90EOg79T
 13157045226  rxZc13HjE2
 17074531404  UFrJWrieSM
 17085395914  as5Res4T7F
 18382468977  qZvnhGQA8q
 13181793801  HTLmFX9M9b
 15543459814  mXLHBy3gEj
 15567755542  bXnv5XlEHX
 15543742921  v6OLDnpBsf
 17097696406  E9OToxk0Kc
 17167773634  pyr4O2csys
 13017746853  a7zuPlViZd
 13022641253  tLNXP5P7U2
 13105708904  GnEMo9nY3M
 13184403818  HMg4hfcUeT
 15506050314  d6h8WR2MyQ
 17076412735  V0pUuIbcmC
 13186774980  c7aWjX74Z8
 13157049987  bkPrxnFkTv
 18474077885  b2tRGOqGZi
 18474098631  UCEaGEq1Uo
 15543675784  yzW6K4WLBA
 15643043742  g0EjNH50ES
 15643137743  VQvHIX4isz
 15699560745  EUblORnRSW
 15699571141  nthkGdU2Mz
 17643094371  1UxrvryoOI
 15584147642  rfapxUhSqq
 18781900409  j55pH9sFkR
 17097642195  MlG6P53Z2w
 15601201958  QNT6diRF2S
 18711824354  v0NEAMQS7L
 13186720884  sW7SH4k6PN
 15500067324  YlTQJd5UFh
 15543187494  hy9mQVRQAi
 15543188943  Jygr8qA3tM
 15568857748  VdBdchXg4M
 15584432842  2hSd4zjRtR
 13023170851  ErbcoIai8I
 13262983341  WgGB3i3zsD
 15543613845  638iz0G7Yi
 13483191965  2w7kEsJNLy
 15568887740  H686PzItDp
 17032942505  30qkLoqrNE
 13105849808  sGhrgP4grB
 13157038884  j3ffz1bsLF
 13157045163  T6YWqDtjD5
 17176616674  1VqiMkYQdO
 17182492714  MQnB3JQd7g
 18374146703  WHgyGf2fqZ
 17058545691  pkP3tz5Onk
 17091674891  brJNET8mSM
 17092604367  GZ0bW35xds
 17183600486  WMi5GiTgMl
 17072344863  KkbvP6b1Mg
 13105847893  7E89z0gVLz
 13157024457  PKGWojPqxm
 15543458342  htVB6Z2Ef3
 17152531741  79GnTzg7Zx
 15543498523  eCN97n9kp8
 17134853458  dXP2yjGXFF
 15504413174  Y1ckBAacY5
 15543748694  DORy3iA8bF
 13017745818  2zfQFRp5XG
 13017747175  LQYqPmC0QU
 13116841318  DWbNhYQEpB
 13157095481  0cIzTwUqUr
 13184402691  g84RVXYtAE
 13467387448  CGfddZS95Z
 13487995310  8UWiSA0zVO
