Sat 21 Apr 2018 16:12:46 ERROR liepiao.py 156 43252 phone is: 15568998743 password is April0421
Sat 21 Apr 2018 16:13:35 ERROR liepiao.py 156 43252 phone is: 15506011794 password is April0421
Sat 21 Apr 2018 16:14:23 ERROR liepiao.py 156 43252 phone is: 15506013404 password is April0421
Sat 21 Apr 2018 16:15:02 ERROR liepiao.py 156 43252 phone is: 15584120714 password is April0421
Sat 21 Apr 2018 16:15:43 ERROR liepiao.py 156 43252 phone is: 15590548041 password is April0421
Sat 21 Apr 2018 15:45:33 ERROR liepiao.py 161 42761 phone is: 13157038584 password is April0421
Sat 21 Apr 2018 16:06:57 ERROR liepiao.py 157 43149 phone is: 15601197662 password is April0421
Sat 21 Apr 2018 16:04:19 ERROR liepiao.py 157 43096 phone is: 15590575848 password is April0421
Sat 21 Apr 2018 15:57:55 ERROR liepiao.py 155 42987 phone is: 15543553314 password is April0421
Sat 21 Apr 2018 15:59:35 ERROR liepiao.py 155 42987 phone is: 15543673742 password is April0421
Sat 21 Apr 2018 16:00:58 ERROR liepiao.py 155 42987 phone is: 15584119242 password is April0421
Sat 21 Apr 2018 16:02:17 ERROR liepiao.py 155 42987 phone is: 15584463943 password is April0421
Sat 21 Apr 2018 16:25:27 ERROR liepiao.py 112 43495 phone is: 13105872048 password is 0Q4EcI6LyK
Sat 21 Apr 2018 16:26:33 ERROR liepiao.py 112 43495 phone is: 17129378474 password is JGb4B6hhsB
Sat 21 Apr 2018 16:27:32 ERROR liepiao.py 112 43495 phone is: 17166563448 password is AZ2IBkBMdk
Sat 21 Apr 2018 16:28:19 ERROR liepiao.py 112 43495 phone is: 17176613045 password is Agjb8bwZjg
Sat 21 Apr 2018 16:29:34 ERROR liepiao.py 112 43495 phone is: 15590500546 password is n5lNY4CrJf
Sat 21 Apr 2018 16:30:37 ERROR liepiao.py 112 43495 phone is: 15002898524 password is EJItpnVpmf
Sat 21 Apr 2018 16:31:41 ERROR liepiao.py 112 43495 phone is: 17031009383 password is bXT8qheN0A
Sat 21 Apr 2018 16:44:46 ERROR liepiao.py 112 43744 phone is: 13045707237 password is 8BA1mWxonY
Sat 21 Apr 2018 17:17:32 ERROR liepiao.py 112 44234 phone is: 13045708548 password is zDsJg9Yr4k
Sat 21 Apr 2018 17:18:08 ERROR liepiao.py 112 44234 phone is: 13059705428 password is cbzV6xoons
Sat 21 Apr 2018 17:18:49 ERROR liepiao.py 112 44234 phone is: 13059707452 password is nmNXbTV62H
Sat 21 Apr 2018 17:19:52 ERROR liepiao.py 112 44270 phone is: 13059771714 password is ZqALQFc9Oj
Sat 21 Apr 2018 17:20:32 ERROR liepiao.py 112 44270 phone is: 13059779649 password is khfINXwIpg
Sat 21 Apr 2018 17:21:16 ERROR liepiao.py 112 44270 phone is: 13095702843 password is NUGCG79Kl0
Sat 21 Apr 2018 17:21:54 ERROR liepiao.py 112 44270 phone is: 13157050467 password is 18LnoR2IkM
Sat 21 Apr 2018 17:22:39 ERROR liepiao.py 112 44270 phone is: 15543647514 password is e8AkmK12s2
Sat 21 Apr 2018 17:23:27 ERROR liepiao.py 112 44270 phone is: 15584264548 password is txgks61Ri0
Sat 21 Apr 2018 17:24:26 ERROR liepiao.py 112 44270 phone is: 15584412645 password is DvfqTd2iew
Sat 21 Apr 2018 17:25:09 ERROR liepiao.py 112 44270 phone is: 15590552334 password is Hq8tuwqnPJ
Sat 21 Apr 2018 17:25:58 ERROR liepiao.py 112 44270 phone is: 15504423774 password is 8ONoSuNKAl
Sat 21 Apr 2018 17:26:53 ERROR liepiao.py 112 44270 phone is: 15506010084 password is 23iWiyVLBH
Sat 21 Apr 2018 17:27:41 ERROR liepiao.py 112 44270 phone is: 15543419584 password is zqkXVeXodu
Sat 21 Apr 2018 17:28:23 ERROR liepiao.py 112 44270 phone is: 15543773347 password is 3ULuUJNsxy
Sat 21 Apr 2018 17:29:05 ERROR liepiao.py 112 44270 phone is: 15567769247 password is 4ynqsqKcQa
Sat 21 Apr 2018 17:29:44 ERROR liepiao.py 112 44270 phone is: 15584161094 password is K93mmBJPNN
Sat 21 Apr 2018 17:30:30 ERROR liepiao.py 112 44270 phone is: 15590543824 password is P6D5rms5xd
Sat 21 Apr 2018 17:31:34 ERROR liepiao.py 112 44270 phone is: 13467384844 password is HWjfTCWNAh
Sat 21 Apr 2018 17:32:16 ERROR liepiao.py 112 44270 phone is: 15543125644 password is 614jHTDtxD
Sat 21 Apr 2018 17:33:05 ERROR liepiao.py 112 44270 phone is: 17083914826 password is umbnmzmnhv
Sat 21 Apr 2018 17:33:48 ERROR liepiao.py 112 44270 phone is: 17085380248 password is ZvNw9a1M13
Sat 21 Apr 2018 17:34:31 ERROR liepiao.py 112 44270 phone is: 17092860239 password is c91uJL3DVI
Sat 21 Apr 2018 17:46:35 ERROR liepiao.py 112 44646 phone is: 13045706129 password is 8BwTA3v5bR
Sat 21 Apr 2018 17:47:13 ERROR liepiao.py 112 44646 phone is: 13045709694 password is duNpQ0y5xv
Sat 21 Apr 2018 17:47:52 ERROR liepiao.py 112 44646 phone is: 13083943376 password is 3t0DzX2GLr
Sat 21 Apr 2018 17:48:36 ERROR liepiao.py 112 44646 phone is: 13094743739 password is dQE8WlVzjS
Sat 21 Apr 2018 17:49:13 ERROR liepiao.py 112 44646 phone is: 13157041861 password is 1oFKGC4OwD
Sat 21 Apr 2018 17:49:55 ERROR liepiao.py 112 44646 phone is: 13041367432 password is KGvh0MVVep
Sat 21 Apr 2018 17:50:32 ERROR liepiao.py 112 44646 phone is: 15543015194 password is WuClcGzjWX
Sat 21 Apr 2018 17:51:20 ERROR liepiao.py 112 44646 phone is: 15584204445 password is Sr1Sc7L9x6
Sat 21 Apr 2018 17:52:13 ERROR liepiao.py 112 44646 phone is: 13483173995 password is QLdAyqq1nt
Sat 21 Apr 2018 17:52:51 ERROR liepiao.py 112 44646 phone is: 15504422804 password is kHxoPk2wHC
Sat 21 Apr 2018 17:56:00 ERROR liepiao.py 112 44773 phone is: 15568858454 password is X2xHayOUUZ
Sat 21 Apr 2018 17:56:37 ERROR liepiao.py 112 44773 phone is: 15584378647 password is sCJo88xgK1
Sat 21 Apr 2018 17:57:24 ERROR liepiao.py 112 44773 phone is: 15584379245 password is 3ggCqe2pB2
Sat 21 Apr 2018 17:58:01 ERROR liepiao.py 112 44773 phone is: 15073840724 password is iBMVRhfdtc
Sat 21 Apr 2018 17:58:48 ERROR liepiao.py 112 44773 phone is: 15973094954 password is ASfnq6rX2t
Sat 21 Apr 2018 17:59:30 ERROR liepiao.py 112 44773 phone is: 17084164993 password is X5ltC9g1ZQ
Sat 21 Apr 2018 18:00:18 ERROR liepiao.py 112 44773 phone is: 17182493190 password is wi1GURpskk
Sat 21 Apr 2018 18:01:07 ERROR liepiao.py 112 44773 phone is: 17182495007 password is P5xdEC1JB0
Sat 21 Apr 2018 18:01:51 ERROR liepiao.py 112 44773 phone is: 17199737739 password is oZzXvp14qT
Sat 21 Apr 2018 18:02:40 ERROR liepiao.py 112 44773 phone is: 17053964038 password is SQqiRDcRvE
Sat 21 Apr 2018 18:03:27 ERROR liepiao.py 112 44773 phone is: 17059374903 password is 5w73Qyumog
Sat 21 Apr 2018 18:04:05 ERROR liepiao.py 112 44773 phone is: 17096882245 password is JNfqOw5eoO
Sat 21 Apr 2018 18:04:55 ERROR liepiao.py 112 44773 phone is: 17180231094 password is pj55P2uTJL
Sat 21 Apr 2018 18:05:32 ERROR liepiao.py 112 44773 phone is: 17185396940 password is x9FdvG3OCt
Sat 21 Apr 2018 18:06:13 ERROR liepiao.py 112 44773 phone is: 13086899244 password is rcNpsbDdfH
Sat 21 Apr 2018 18:07:01 ERROR liepiao.py 112 44773 phone is: 13463968351 password is pMfY4fmHAO
Sat 21 Apr 2018 18:07:48 ERROR liepiao.py 112 44773 phone is: 15590682142 password is yZiYFzU38q
Sat 21 Apr 2018 18:10:37 ERROR liepiao.py 112 44979 phone is: 13157024243 password is IBYLoqNcTa
Sat 21 Apr 2018 18:11:15 ERROR liepiao.py 112 44979 phone is: 13157044598 password is t4bNnWq9FF
Sat 21 Apr 2018 18:11:52 ERROR liepiao.py 112 44979 phone is: 13157047749 password is o36G56CHWr
Sat 21 Apr 2018 18:12:29 ERROR liepiao.py 112 44979 phone is: 15543403986 password is 7V98OVvuTs
Sat 21 Apr 2018 18:13:16 ERROR liepiao.py 112 44979 phone is: 15543404860 password is 09sHWgp2SU
Sat 21 Apr 2018 18:13:58 ERROR liepiao.py 112 44979 phone is: 15543490305 password is hIuCBJKL8k
Sat 21 Apr 2018 18:14:45 ERROR liepiao.py 112 44979 phone is: 15584348816 password is 3YH62emBEm
Sat 21 Apr 2018 18:15:53 ERROR liepiao.py 112 44979 phone is: 15584407443 password is NzTaK69kUM
Sat 21 Apr 2018 18:16:46 ERROR liepiao.py 112 44979 phone is: 15584491140 password is 6J0l2N3SXI
Sat 21 Apr 2018 18:17:26 ERROR liepiao.py 112 44979 phone is: 17134853428 password is 56MvldwUoU
Sat 21 Apr 2018 18:18:12 ERROR liepiao.py 112 44979 phone is: 15504454084 password is 1j5vOObXzt
Sat 21 Apr 2018 18:18:55 ERROR liepiao.py 112 44979 phone is: 15567756248 password is 8WCWpdRgxk
Sat 21 Apr 2018 18:19:43 ERROR liepiao.py 112 44979 phone is: 17070223497 password is qy0HABcb25
Sat 21 Apr 2018 18:20:30 ERROR liepiao.py 112 44979 phone is: 17071568054 password is v97RDKkPBA
Sat 21 Apr 2018 18:23:48 ERROR liepiao.py 112 45158 phone is: 15543745513 password is trup0LeCQv
Sat 21 Apr 2018 18:24:36 ERROR liepiao.py 112 45158 phone is: 15584305346 password is 2qC9Nbp9gF
Sat 21 Apr 2018 18:25:25 ERROR liepiao.py 112 45158 phone is: 13024688890 password is Zn7x9Efaxn
Sat 21 Apr 2018 18:26:08 ERROR liepiao.py 112 45158 phone is: 13083948482 password is ce0pSJY3hV
Sat 21 Apr 2018 18:26:50 ERROR liepiao.py 112 45158 phone is: 13083948942 password is 1cgOE8V60N
Sat 21 Apr 2018 18:27:26 ERROR liepiao.py 112 45158 phone is: 13116845359 password is Ez0ycRvcll
Sat 21 Apr 2018 18:28:03 ERROR liepiao.py 112 45158 phone is: 13116840989 password is 4cCEC4UxDf
Sat 21 Apr 2018 18:29:13 ERROR liepiao.py 112 45285 phone is: 13116842484 password is Wp0vig1QsR
Sat 21 Apr 2018 18:54:47 ERROR liepiao.py 112 45341 phone is: 13045707018 password is hzKZh9aZEw
Sat 21 Apr 2018 18:55:30 ERROR liepiao.py 112 45341 phone is: 13045707202 password is nl7QwhUqOy
Sat 21 Apr 2018 18:56:07 ERROR liepiao.py 112 45341 phone is: 13045708191 password is vXM8jUd6oi
Sat 21 Apr 2018 18:56:50 ERROR liepiao.py 112 45341 phone is: 13059720435 password is Jx4DWMsAxX
Sat 21 Apr 2018 18:57:32 ERROR liepiao.py 112 45341 phone is: 13094748929 password is 6T7ue6Unei
Sat 21 Apr 2018 18:58:21 ERROR liepiao.py 112 45341 phone is: 15873823634 password is RmZT28Gg6t
Sat 21 Apr 2018 18:59:58 ERROR liepiao.py 112 45341 phone is: 15504400141 password is MBufQpmzoS
Sat 21 Apr 2018 19:00:55 ERROR liepiao.py 112 45341 phone is: 15584281947 password is kDFW5Dx9NJ
Sat 21 Apr 2018 19:01:37 ERROR liepiao.py 112 45341 phone is: 15584463946 password is F0NlIqlzMo
Sat 21 Apr 2018 19:02:31 ERROR liepiao.py 112 45341 phone is: 13463812633 password is 7zzQv1Y9zX
Sat 21 Apr 2018 19:03:13 ERROR liepiao.py 112 45341 phone is: 13483128286 password is UunyUvSti4
Sat 21 Apr 2018 19:04:00 ERROR liepiao.py 112 45341 phone is: 15584269343 password is vNYEzTduQD
Sat 21 Apr 2018 19:04:42 ERROR liepiao.py 112 45341 phone is: 15584392347 password is gw4a3dnfS4
Sat 21 Apr 2018 19:05:24 ERROR liepiao.py 112 45341 phone is: 15584413645 password is SybL1fpIDN
Sat 21 Apr 2018 19:06:10 ERROR liepiao.py 112 45341 phone is: 15526657149 password is gzCzcxgWe4
Sat 21 Apr 2018 19:06:58 ERROR liepiao.py 112 45341 phone is: 15584311847 password is lNPumh7ZFO
Sat 21 Apr 2018 19:07:35 ERROR liepiao.py 112 45341 phone is: 15543100884 password is 2AtklnBMt2
Sat 21 Apr 2018 19:08:12 ERROR liepiao.py 112 45341 phone is: 15567181148 password is 1x2gLvcNl5
Sat 21 Apr 2018 19:08:55 ERROR liepiao.py 112 45341 phone is: 15584331604 password is uSBWeZQ02a
Sat 21 Apr 2018 19:09:46 ERROR liepiao.py 112 45341 phone is: 15590575874 password is KEcB8vUI7j
Sat 21 Apr 2018 19:10:33 ERROR liepiao.py 112 45341 phone is: 18774444622 password is Ds33UEjIiq
Sat 21 Apr 2018 19:11:09 ERROR liepiao.py 112 45341 phone is: 17092685404 password is rv6tt6mtH0
Sat 21 Apr 2018 19:11:51 ERROR liepiao.py 112 45341 phone is: 17129376384 password is rufyDj06yM
Sat 21 Apr 2018 19:12:53 ERROR liepiao.py 112 45341 phone is: 17196890952 password is 9hhgpYFRIC
Sat 21 Apr 2018 19:13:43 ERROR liepiao.py 112 45341 phone is: 17199522957 password is eTMgKGeIPw
Sat 21 Apr 2018 19:14:29 ERROR liepiao.py 112 45341 phone is: 13408510536 password is VtrSNQa6a8
Sat 21 Apr 2018 19:15:06 ERROR liepiao.py 112 45341 phone is: 17053622066 password is GoWQ7JbIg9
Sat 21 Apr 2018 19:15:49 ERROR liepiao.py 112 45341 phone is: 17092417247 password is 0XkyJbhAXA
Sat 21 Apr 2018 19:16:27 ERROR liepiao.py 112 45341 phone is: 17097251617 password is p14ALnO5BQ
Sat 21 Apr 2018 19:17:09 ERROR liepiao.py 112 45341 phone is: 13059779407 password is GDEMSBlEGK
Sat 21 Apr 2018 19:17:46 ERROR liepiao.py 112 45341 phone is: 13157044544 password is kI9UrJcE3u
Sat 21 Apr 2018 19:18:39 ERROR liepiao.py 112 45341 phone is: 15281044013 password is Uo6oJVq9N3
Sat 21 Apr 2018 19:19:21 ERROR liepiao.py 112 45341 phone is: 18380234673 password is kcGf27mLiR
Sat 21 Apr 2018 19:19:58 ERROR liepiao.py 112 45341 phone is: 18482395245 password is HzokGr6xcE
Sat 21 Apr 2018 19:20:51 ERROR liepiao.py 112 45341 phone is: 15543493103 password is 9ObY2CCKCN
Sat 21 Apr 2018 19:21:38 ERROR liepiao.py 112 45341 phone is: 15543496783 password is MiCr1LVDfz
Sat 21 Apr 2018 19:22:23 ERROR liepiao.py 112 45341 phone is: 15584346531 password is hMaWoe8SVB
Sat 21 Apr 2018 19:22:59 ERROR liepiao.py 112 45341 phone is: 15543456694 password is 6zzEGGv3Lf
Sat 21 Apr 2018 19:23:46 ERROR liepiao.py 112 45341 phone is: 15584141716 password is 9eVs53bQbF
Sat 21 Apr 2018 19:24:33 ERROR liepiao.py 112 45341 phone is: 15584142636 password is 5hqTQhMtkG
Sat 21 Apr 2018 19:25:19 ERROR liepiao.py 112 45341 phone is: 15543197714 password is J8VeS7dncB
Sat 21 Apr 2018 19:25:57 ERROR liepiao.py 112 45341 phone is: 17167773964 password is 8siRN22Fpk
Sat 21 Apr 2018 19:26:40 ERROR liepiao.py 112 45341 phone is: 13022641583 password is ZQpzO8RULl
Sat 21 Apr 2018 19:27:21 ERROR liepiao.py 112 45341 phone is: 13116844960 password is 7gG7zIuW3b
Sat 21 Apr 2018 19:29:18 ERROR liepiao.py 112 45341 phone is: 13175723304 password is qKmkrkUnUp
Sat 21 Apr 2018 19:30:12 ERROR liepiao.py 112 45341 phone is: 13175747661 password is zpWI8tCuW4
Sat 21 Apr 2018 19:30:54 ERROR liepiao.py 112 45341 phone is: 13184401434 password is 1sWiAyLyPs
Sat 21 Apr 2018 19:32:22 ERROR liepiao.py 112 45341 phone is: 13116842683 password is DQNYZQavAL
Sat 21 Apr 2018 19:33:25 ERROR liepiao.py 112 45341 phone is: 13235808412 password is T7fomtMgxT
Sat 21 Apr 2018 19:34:12 ERROR liepiao.py 112 45341 phone is: 17099909359 password is I1WmY8sIJJ
Sat 21 Apr 2018 19:34:48 ERROR liepiao.py 112 45341 phone is: 13157040197 password is xT3CZZHG5p
Sat 21 Apr 2018 19:35:37 ERROR liepiao.py 112 45341 phone is: 18474098409 password is ZAMVbFT43H
Sat 21 Apr 2018 19:36:19 ERROR liepiao.py 112 45341 phone is: 18474577499 password is P2kp3Dk2Ad
Sat 21 Apr 2018 19:37:03 ERROR liepiao.py 112 45341 phone is: 15604478845 password is Z1rn0KnoUd
Sat 21 Apr 2018 19:37:51 ERROR liepiao.py 112 45341 phone is: 17096545172 password is tArz85j8yt
Sat 21 Apr 2018 19:38:28 ERROR liepiao.py 112 45341 phone is: 15584148846 password is XGSea9UFEG
Sat 21 Apr 2018 19:39:15 ERROR liepiao.py 112 45341 phone is: 18482318149 password is s3svOEDMuj
Sat 21 Apr 2018 19:40:43 ERROR liepiao.py 112 45341 phone is: 18474080239 password is yxUj07Q58V
Sat 21 Apr 2018 19:41:25 ERROR liepiao.py 112 45341 phone is: 18474083827 password is SEZrsN74aP
Sat 21 Apr 2018 19:42:12 ERROR liepiao.py 112 45341 phone is: 18474085207 password is 791xTUYJrO
Sat 21 Apr 2018 19:43:05 ERROR liepiao.py 112 45341 phone is: 18474090267 password is PEB1WXWdmO
Sat 21 Apr 2018 19:43:52 ERROR liepiao.py 112 45341 phone is: 18474590586 password is 6lA70VITkb
Sat 21 Apr 2018 19:44:33 ERROR liepiao.py 112 45341 phone is: 15590546549 password is 9ZULhWWwTK
Sat 21 Apr 2018 19:45:15 ERROR liepiao.py 112 45341 phone is: 13059734534 password is YU56djddad
Sat 21 Apr 2018 19:46:47 ERROR liepiao.py 112 45341 phone is: 13082886840 password is Ky0ESUiKRe
Sat 21 Apr 2018 19:47:23 ERROR liepiao.py 112 45341 phone is: 13083947048 password is HyhwqqmbyU
Sat 21 Apr 2018 19:48:00 ERROR liepiao.py 112 45341 phone is: 18474055514 password is E028pg9JkY
Sat 21 Apr 2018 19:48:42 ERROR liepiao.py 112 45341 phone is: 18474056503 password is foK5Lm5nxk
Sat 21 Apr 2018 19:50:08 ERROR liepiao.py 112 45341 phone is: 18474070326 password is ySUcGKAYL3
Sat 21 Apr 2018 19:50:50 ERROR liepiao.py 112 45341 phone is: 17175860511 password is vd3Xhe4cPw
Sat 21 Apr 2018 19:51:30 ERROR liepiao.py 112 45341 phone is: 17051693654 password is kZkFan6FXP
Sat 21 Apr 2018 19:52:12 ERROR liepiao.py 112 45341 phone is: 17094010756 password is DbgDzza9yf
Sat 21 Apr 2018 19:52:49 ERROR liepiao.py 112 45341 phone is: 17096442086 password is bEyloOgVcb
Sat 21 Apr 2018 19:53:25 ERROR liepiao.py 112 45341 phone is: 17187496487 password is QTXsrmrmln
Sat 21 Apr 2018 19:54:12 ERROR liepiao.py 112 45341 phone is: 17190946625 password is wrD1073e0O
Sat 21 Apr 2018 19:54:56 ERROR liepiao.py 112 45341 phone is: 15873843343 password is MRRUcNNwcC
Sat 21 Apr 2018 19:55:33 ERROR liepiao.py 112 45341 phone is: 13059776415 password is cTCbCFaeZJ
Sat 21 Apr 2018 19:56:11 ERROR liepiao.py 112 45341 phone is: 13083946563 password is iFCZV5GjZx
Sat 21 Apr 2018 19:56:53 ERROR liepiao.py 112 45341 phone is: 13094741360 password is zggZY3RJSZ
Sat 21 Apr 2018 20:12:58 ERROR liepiao.py 112 46405 phone is: 13400111624 password is VDTDeu4fGg
Sat 21 Apr 2018 20:14:25 ERROR liepiao.py 112 46405 phone is: 15500066824 password is 21XwVQq0Ww
Sat 21 Apr 2018 20:16:12 ERROR liepiao.py 112 46405 phone is: 15543677446 password is wW0ozkkz8a
Sat 21 Apr 2018 20:17:41 ERROR liepiao.py 112 46405 phone is: 15584430548 password is iYMBqZkqPb
Sat 21 Apr 2018 20:19:13 ERROR liepiao.py 112 46405 phone is: 15590599447 password is rrLyJerHI3
Sat 21 Apr 2018 20:20:39 ERROR liepiao.py 112 46405 phone is: 15584203446 password is 4KDMwFiLJC
Sat 21 Apr 2018 20:21:42 ERROR liepiao.py 112 46544 phone is: 15590672840 password is mOaRJo4fzd
Sat 21 Apr 2018 20:22:30 ERROR liepiao.py 112 46544 phone is: 13262984727 password is EwaD7yAt6B
Sat 21 Apr 2018 20:23:33 ERROR liepiao.py 112 46544 phone is: 15590503146 password is 4QaYID8nMU
Sat 21 Apr 2018 20:24:27 ERROR liepiao.py 112 46544 phone is: 15500044146 password is W8WmJHGrTt
Sat 21 Apr 2018 20:25:22 ERROR liepiao.py 112 46544 phone is: 15506011174 password is Y3hvFogyr6
Sat 21 Apr 2018 20:26:20 ERROR liepiao.py 112 46544 phone is: 15543274946 password is XLeDzQ6zQt
Sat 21 Apr 2018 20:27:15 ERROR liepiao.py 112 46544 phone is: 15543596647 password is 6afRH64jTJ
Sat 21 Apr 2018 20:28:19 ERROR liepiao.py 112 46544 phone is: 15567764104 password is NBIem7RrLq
Sat 21 Apr 2018 20:29:14 ERROR liepiao.py 112 46544 phone is: 15568746342 password is qDFiOBZ6Uu
Sat 21 Apr 2018 20:30:09 ERROR liepiao.py 112 46544 phone is: 15584207494 password is SqHd7qsCjg
Sat 21 Apr 2018 20:31:04 ERROR liepiao.py 112 46544 phone is: 18374146801 password is 8oxet8U8HA
Sat 21 Apr 2018 20:32:07 ERROR liepiao.py 112 46544 phone is: 17074285241 password is a9UCwXVQE6
Sat 21 Apr 2018 20:33:18 ERROR liepiao.py 112 46544 phone is: 17076287552 password is h68l1TSt5X
Sat 21 Apr 2018 20:34:14 ERROR liepiao.py 112 46544 phone is: 17129376405 password is oAywUsTqn5
Sat 21 Apr 2018 20:35:08 ERROR liepiao.py 112 46544 phone is: 17151292254 password is cvJlbn4u3L
Sat 21 Apr 2018 20:36:20 ERROR liepiao.py 112 46544 phone is: 17182040816 password is h4ybNrVOyX
Sat 21 Apr 2018 20:37:15 ERROR liepiao.py 112 46544 phone is: 17182497090 password is DDQm6uCwre
Sat 21 Apr 2018 20:38:10 ERROR liepiao.py 112 46544 phone is: 17194211266 password is sLgbIMe5Vy
Sat 21 Apr 2018 20:38:57 ERROR liepiao.py 112 46544 phone is: 17034099296 password is kEVUZJBzCV
Sat 21 Apr 2018 20:39:52 ERROR liepiao.py 112 46544 phone is: 17181625114 password is CIuZ1eRLfx
Sat 21 Apr 2018 20:41:00 ERROR liepiao.py 112 46544 phone is: 17196477341 password is ydpaSnfCr8
Sat 21 Apr 2018 20:41:56 ERROR liepiao.py 112 46544 phone is: 14726013577 password is H0FHWcQxOq
Sat 21 Apr 2018 20:42:53 ERROR liepiao.py 112 46544 phone is: 15543457842 password is zUK0cFQegu
